Analysis & Synthesis report for tetris
Tue Feb 18 14:34:37 2025
Quartus Prime Version 23.1std.1 Build 993 05/14/2024 SC Lite Edition


---------------------
; Table of Contents ;
---------------------
  1. Legal Notice
  2. Analysis & Synthesis Summary
  3. Analysis & Synthesis Settings
  4. Parallel Compilation
  5. Analysis & Synthesis Messages
  6. Analysis & Synthesis Suppressed Messages



----------------
; Legal Notice ;
----------------
Copyright (C) 2024  Intel Corporation. All rights reserved.
Your use of Intel Corporation's design tools, logic functions 
and other software and tools, and any partner logic 
functions, and any output files from any of the foregoing 
(including device programming or simulation files), and any 
associated documentation or information are expressly subject 
to the terms and conditions of the Intel Program License 
Subscription Agreement, the Intel Quartus Prime License Agreement,
the Intel FPGA IP License Agreement, or other applicable license
agreement, including, without limitation, that your use is for
the sole purpose of programming logic devices manufactured by
Intel and sold by Intel or its authorized distributors.  Please
refer to the applicable agreement for further details, at
https://fpgasoftware.intel.com/eula.



+-------------------------------------------------------------------------------------+
; Analysis & Synthesis Summary                                                        ;
+------------------------------------+------------------------------------------------+
; Analysis & Synthesis Status        ; Failed - Tue Feb 18 14:34:37 2025              ;
; Quartus Prime Version              ; 23.1std.1 Build 993 05/14/2024 SC Lite Edition ;
; Revision Name                      ; tetris                                         ;
; Top-level Entity Name              ; toplevel.v                                     ;
; Family                             ; Cyclone IV E                                   ;
; Total logic elements               ; N/A until Partition Merge                      ;
;     Total combinational functions  ; N/A until Partition Merge                      ;
;     Dedicated logic registers      ; N/A until Partition Merge                      ;
; Total registers                    ; N/A until Partition Merge                      ;
; Total pins                         ; N/A until Partition Merge                      ;
; Total virtual pins                 ; N/A until Partition Merge                      ;
; Total memory bits                  ; N/A until Partition Merge                      ;
; Embedded Multiplier 9-bit elements ; N/A until Partition Merge                      ;
; Total PLLs                         ; N/A until Partition Merge                      ;
+------------------------------------+------------------------------------------------+


+------------------------------------------------------------------------------------------------------------+
; Analysis & Synthesis Settings                                                                              ;
+------------------------------------------------------------------+--------------------+--------------------+
; Option                                                           ; Setting            ; Default Value      ;
+------------------------------------------------------------------+--------------------+--------------------+
; Device                                                           ; EP4CE6E22C7        ;                    ;
; Top-level entity name                                            ; toplevel.v         ; tetris             ;
; Family name                                                      ; Cyclone IV E       ; Cyclone V          ;
; Use smart compilation                                            ; Off                ; Off                ;
; Enable parallel Assembler and Timing Analyzer during compilation ; On                 ; On                 ;
; Enable compact report table                                      ; Off                ; Off                ;
; Restructure Multiplexers                                         ; Auto               ; Auto               ;
; Create Debugging Nodes for IP Cores                              ; Off                ; Off                ;
; Preserve fewer node names                                        ; On                 ; On                 ;
; Intel FPGA IP Evaluation Mode                                    ; Enable             ; Enable             ;
; Verilog Version                                                  ; Verilog_2001       ; Verilog_2001       ;
; VHDL Version                                                     ; VHDL_1993          ; VHDL_1993          ;
; State Machine Processing                                         ; Auto               ; Auto               ;
; Safe State Machine                                               ; Off                ; Off                ;
; Extract Verilog State Machines                                   ; On                 ; On                 ;
; Extract VHDL State Machines                                      ; On                 ; On                 ;
; Ignore Verilog initial constructs                                ; Off                ; Off                ;
; Iteration limit for constant Verilog loops                       ; 5000               ; 5000               ;
; Iteration limit for non-constant Verilog loops                   ; 250                ; 250                ;
; Add Pass-Through Logic to Inferred RAMs                          ; On                 ; On                 ;
; Infer RAMs from Raw Logic                                        ; On                 ; On                 ;
; Parallel Synthesis                                               ; On                 ; On                 ;
; DSP Block Balancing                                              ; Auto               ; Auto               ;
; NOT Gate Push-Back                                               ; On                 ; On                 ;
; Power-Up Don't Care                                              ; On                 ; On                 ;
; Remove Redundant Logic Cells                                     ; Off                ; Off                ;
; Remove Duplicate Registers                                       ; On                 ; On                 ;
; Ignore CARRY Buffers                                             ; Off                ; Off                ;
; Ignore CASCADE Buffers                                           ; Off                ; Off                ;
; Ignore GLOBAL Buffers                                            ; Off                ; Off                ;
; Ignore ROW GLOBAL Buffers                                        ; Off                ; Off                ;
; Ignore LCELL Buffers                                             ; Off                ; Off                ;
; Ignore SOFT Buffers                                              ; On                 ; On                 ;
; Limit AHDL Integers to 32 Bits                                   ; Off                ; Off                ;
; Optimization Technique                                           ; Balanced           ; Balanced           ;
; Carry Chain Length                                               ; 70                 ; 70                 ;
; Auto Carry Chains                                                ; On                 ; On                 ;
; Auto Open-Drain Pins                                             ; On                 ; On                 ;
; Perform WYSIWYG Primitive Resynthesis                            ; Off                ; Off                ;
; Auto ROM Replacement                                             ; On                 ; On                 ;
; Auto RAM Replacement                                             ; On                 ; On                 ;
; Auto DSP Block Replacement                                       ; On                 ; On                 ;
; Auto Shift Register Replacement                                  ; Auto               ; Auto               ;
; Allow Shift Register Merging across Hierarchies                  ; Auto               ; Auto               ;
; Auto Clock Enable Replacement                                    ; On                 ; On                 ;
; Strict RAM Replacement                                           ; Off                ; Off                ;
; Allow Synchronous Control Signals                                ; On                 ; On                 ;
; Force Use of Synchronous Clear Signals                           ; Off                ; Off                ;
; Auto RAM Block Balancing                                         ; On                 ; On                 ;
; Auto RAM to Logic Cell Conversion                                ; Off                ; Off                ;
; Auto Resource Sharing                                            ; Off                ; Off                ;
; Allow Any RAM Size For Recognition                               ; Off                ; Off                ;
; Allow Any ROM Size For Recognition                               ; Off                ; Off                ;
; Allow Any Shift Register Size For Recognition                    ; Off                ; Off                ;
; Use LogicLock Constraints during Resource Balancing              ; On                 ; On                 ;
; Ignore translate_off and synthesis_off directives                ; Off                ; Off                ;
; Timing-Driven Synthesis                                          ; On                 ; On                 ;
; Report Parameter Settings                                        ; On                 ; On                 ;
; Report Source Assignments                                        ; On                 ; On                 ;
; Report Connectivity Checks                                       ; On                 ; On                 ;
; Ignore Maximum Fan-Out Assignments                               ; Off                ; Off                ;
; Synchronization Register Chain Length                            ; 2                  ; 2                  ;
; Power Optimization During Synthesis                              ; Normal compilation ; Normal compilation ;
; HDL message level                                                ; Level2             ; Level2             ;
; Suppress Register Optimization Related Messages                  ; Off                ; Off                ;
; Number of Removed Registers Reported in Synthesis Report         ; 5000               ; 5000               ;
; Number of Swept Nodes Reported in Synthesis Report               ; 5000               ; 5000               ;
; Number of Inverted Registers Reported in Synthesis Report        ; 100                ; 100                ;
; Clock MUX Protection                                             ; On                 ; On                 ;
; Auto Gated Clock Conversion                                      ; Off                ; Off                ;
; Block Design Naming                                              ; Auto               ; Auto               ;
; SDC constraint protection                                        ; Off                ; Off                ;
; Synthesis Effort                                                 ; Auto               ; Auto               ;
; Shift Register Replacement - Allow Asynchronous Clear Signal     ; On                 ; On                 ;
; Pre-Mapping Resynthesis Optimization                             ; Off                ; Off                ;
; Analysis & Synthesis Message Level                               ; Medium             ; Medium             ;
; Disable Register Merging Across Hierarchies                      ; Auto               ; Auto               ;
; Resource Aware Inference For Block RAM                           ; On                 ; On                 ;
+------------------------------------------------------------------+--------------------+--------------------+


+------------------------------------------+
; Parallel Compilation                     ;
+----------------------------+-------------+
; Processors                 ; Number      ;
+----------------------------+-------------+
; Number detected on machine ; 6           ;
; Maximum allowed            ; 6           ;
;                            ;             ;
; Average used               ; 1.00        ;
; Maximum used               ; 1           ;
;                            ;             ;
; Usage by Processor         ; % Time Used ;
;     Processor 1            ; 100.0%      ;
+----------------------------+-------------+


+-------------------------------+
; Analysis & Synthesis Messages ;
+-------------------------------+
Info: *******************************************************************
Info: Running Quartus Prime Analysis & Synthesis
    Info: Version 23.1std.1 Build 993 05/14/2024 SC Lite Edition
    Info: Processing started: Tue Feb 18 14:34:15 2025
Info: Command: quartus_map --read_settings_files=on --write_settings_files=off tetris -c tetris
Warning (18236): Number of processors has not been specified which may cause overloading on shared machines.  Set the global assignment NUM_PARALLEL_PROCESSORS in your QSF to an appropriate value for best performance.
Info (20030): Parallel compilation is enabled and will use 6 of the 6 processors detected
Info (12021): Found 1 design units, including 1 entities, in source file vga.v
    Info (12023): Found entity 1: vga File: C:/Users/diego/Documents/Laboratorio_Digital/Proyecto/project/src/vga.v Line: 8
Info (12021): Found 1 design units, including 1 entities, in source file toplevel.v
    Info (12023): Found entity 1: toplevel File: C:/Users/diego/Documents/Laboratorio_Digital/Proyecto/project/src/toplevel.v Line: 9
Info (12021): Found 1 design units, including 1 entities, in source file spi.v
    Info (12023): Found entity 1: spi File: C:/Users/diego/Documents/Laboratorio_Digital/Proyecto/project/src/spi.v Line: 9
Info (12021): Found 1 design units, including 1 entities, in source file rategen.v
    Info (12023): Found entity 1: rategen File: C:/Users/diego/Documents/Laboratorio_Digital/Proyecto/project/src/rategen.v Line: 10
Info (12021): Found 1 design units, including 1 entities, in source file ps2.v
    Info (12023): Found entity 1: ps2 File: C:/Users/diego/Documents/Laboratorio_Digital/Proyecto/project/src/ps2.v Line: 9
Warning (10463): Verilog HDL Declaration warning at prbs.v(14): "new" is SystemVerilog-2005 keyword File: C:/Users/diego/Documents/Laboratorio_Digital/Proyecto/project/src/prbs.v Line: 14
Info (12021): Found 1 design units, including 1 entities, in source file prbs.v
    Info (12023): Found entity 1: prbs File: C:/Users/diego/Documents/Laboratorio_Digital/Proyecto/project/src/prbs.v Line: 9
Info (12021): Found 1 design units, including 1 entities, in source file noteplayer.v
    Info (12023): Found entity 1: noteplayer File: C:/Users/diego/Documents/Laboratorio_Digital/Proyecto/project/src/noteplayer.v Line: 11
Info (12021): Found 1 design units, including 1 entities, in source file lcd_if.v
    Info (12023): Found entity 1: lcd_if File: C:/Users/diego/Documents/Laboratorio_Digital/Proyecto/project/src/lcd_if.v Line: 10
Info (12021): Found 1 design units, including 1 entities, in source file frame_buffer.v
    Info (12023): Found entity 1: frame_buffer File: C:/Users/diego/Documents/Laboratorio_Digital/Proyecto/project/src/frame_buffer.v Line: 10
Info (12021): Found 1 design units, including 1 entities, in source file draw_title.v
    Info (12023): Found entity 1: draw_strings File: C:/Users/diego/Documents/Laboratorio_Digital/Proyecto/project/src/draw_title.v Line: 9
Info (12021): Found 1 design units, including 1 entities, in source file draw_numbers.v
    Info (12023): Found entity 1: draw_numbers File: C:/Users/diego/Documents/Laboratorio_Digital/Proyecto/project/src/draw_numbers.v Line: 9
Info (12021): Found 1 design units, including 1 entities, in source file draw_frames.v
    Info (12023): Found entity 1: draw_frames File: C:/Users/diego/Documents/Laboratorio_Digital/Proyecto/project/src/draw_frames.v Line: 12
Info (12021): Found 1 design units, including 1 entities, in source file draw_blocks.v
    Info (12023): Found entity 1: draw_blocks File: C:/Users/diego/Documents/Laboratorio_Digital/Proyecto/project/src/draw_blocks.v Line: 8
Info (12021): Found 1 design units, including 1 entities, in source file cpld_if.v
    Info (12023): Found entity 1: cpld_if File: C:/Users/diego/Documents/Laboratorio_Digital/Proyecto/project/src/cpld_if.v Line: 10
Info (12021): Found 2 design units, including 2 entities, in source file bin2bcd.v
    Info (12023): Found entity 1: bin2bcd_serial File: C:/Users/diego/Documents/Laboratorio_Digital/Proyecto/project/src/bin2bcd.v Line: 9
    Info (12023): Found entity 2: bcd_digit File: C:/Users/diego/Documents/Laboratorio_Digital/Proyecto/project/src/bin2bcd.v Line: 83
Warning (10222): Verilog HDL Parameter Declaration warning at draw_numbers.v(24): Parameter Declaration in module "draw_numbers" behaves as a Local Parameter Declaration because the module has a Module Parameter Port List File: C:/Users/diego/Documents/Laboratorio_Digital/Proyecto/project/src/draw_numbers.v Line: 24
Warning (10222): Verilog HDL Parameter Declaration warning at draw_numbers.v(25): Parameter Declaration in module "draw_numbers" behaves as a Local Parameter Declaration because the module has a Module Parameter Port List File: C:/Users/diego/Documents/Laboratorio_Digital/Proyecto/project/src/draw_numbers.v Line: 25
Warning (10222): Verilog HDL Parameter Declaration warning at draw_numbers.v(26): Parameter Declaration in module "draw_numbers" behaves as a Local Parameter Declaration because the module has a Module Parameter Port List File: C:/Users/diego/Documents/Laboratorio_Digital/Proyecto/project/src/draw_numbers.v Line: 26
Warning (10222): Verilog HDL Parameter Declaration warning at draw_numbers.v(27): Parameter Declaration in module "draw_numbers" behaves as a Local Parameter Declaration because the module has a Module Parameter Port List File: C:/Users/diego/Documents/Laboratorio_Digital/Proyecto/project/src/draw_numbers.v Line: 27
Error (12007): Top-level design entity "toplevel.v" is undefined
Info (144001): Generated suppressed messages file C:/Users/diego/Documents/Laboratorio_Digital/Proyecto/project/src/output_files/tetris.map.smsg
Error: Quartus Prime Analysis & Synthesis was unsuccessful. 1 error, 6 warnings
    Error: Peak virtual memory: 4718 megabytes
    Error: Processing ended: Tue Feb 18 14:34:37 2025
    Error: Elapsed time: 00:00:22
    Error: Total CPU time (on all processors): 00:00:36


+------------------------------------------+
; Analysis & Synthesis Suppressed Messages ;
+------------------------------------------+
The suppressed messages can be found in C:/Users/diego/Documents/Laboratorio_Digital/Proyecto/project/src/output_files/tetris.map.smsg.


